Drill report for C:\Users\khanhj\Documents\GitHub\mechkey_mainboard_v2\main_board4.kicad_pcb
Created on 11/22/2018 11:54:46 PM

Copper Layer Stackup:
    =============================================================
    L1 :  F.Cu                      front
    L2 :  B.Cu                      back


Drill file 'main_board4-PTH.drl' contains
    plated through holes:
    =============================================================
    T1  0.40mm  0.016"  (12 holes)
    T2  0.90mm  0.035"  (236 holes)
    T3  1.00mm  0.039"  (3 holes)
    T4  1.50mm  0.059"  (198 holes)

    Total plated holes count 449


Drill file 'main_board4-NPTH.drl' contains
    unplated through holes:
    =============================================================
    T1  1.00mm  0.039"  (1 hole)  (with 1 slot)
    T2  3.00mm  0.118"  (8 holes)
    T3  3.05mm  0.120"  (8 holes)
    T4  3.99mm  0.157"  (107 holes)

    Total unplated holes count 124
